[    0.000000] Initializing cgroup subsys cpuset
[    0.000000] Initializing cgroup subsys cpu
[    0.000000] Initializing cgroup subsys cpuacct
[    0.000000] Linux version 4.4.0-165-generic (buildd@lgw01-amd64-027) (gcc version 5.4.0 20160609 (Ubuntu 5.4.0-6ubuntu1~16.04.10) ) #193-Ubuntu SMP Tue Sep 17 17:42:52 UTC 2019 (Ubuntu 4.4.0-165.193-generic 4.4.189)
[    0.000000] Command line: BOOT_IMAGE=/boot/vmlinuz-4.4.0-165-generic root=LABEL=cloudimg-rootfs ro console=tty1 console=ttyS0
[    0.000000] KERNEL supported cpus:
[    0.000000]   Intel GenuineIntel
[    0.000000]   AMD AuthenticAMD
[    0.000000]   Centaur CentaurHauls
[    0.000000] x86/fpu: xstate_offset[2]:  576, xstate_sizes[2]:  256
[    0.000000] x86/fpu: Supporting XSAVE feature 0x01: 'x87 floating point registers'
[    0.000000] x86/fpu: Supporting XSAVE feature 0x02: 'SSE registers'
[    0.000000] x86/fpu: Supporting XSAVE feature 0x04: 'AVX registers'
[    0.000000] x86/fpu: Enabled xstate features 0x7, context size is 832 bytes, using 'standard' format.
[    0.000000] e820: BIOS-provided physical RAM map:
[    0.000000] BIOS-e820: [mem 0x0000000000000000-0x000000000009fbff] usable
[    0.000000] BIOS-e820: [mem 0x000000000009fc00-0x000000000009ffff] reserved
[    0.000000] BIOS-e820: [mem 0x00000000000f0000-0x00000000000fffff] reserved
[    0.000000] BIOS-e820: [mem 0x0000000000100000-0x000000003ffeffff] usable
[    0.000000] BIOS-e820: [mem 0x000000003fff0000-0x000000003fffffff] ACPI data
[    0.000000] BIOS-e820: [mem 0x00000000fec00000-0x00000000fec00fff] reserved
[    0.000000] BIOS-e820: [mem 0x00000000fee00000-0x00000000fee00fff] reserved
[    0.000000] BIOS-e820: [mem 0x00000000fffc0000-0x00000000ffffffff] reserved
[    0.000000] NX (Execute Disable) protection: active
[    0.000000] SMBIOS 2.5 present.
[    0.000000] Hypervisor detected: KVM
[    0.000000] e820: last_pfn = 0x3fff0 max_arch_pfn = 0x400000000
[    0.000000] MTRR: Disabled
[    0.000000] x86/PAT: MTRRs disabled, skipping PAT initialization too.
[    0.000000] CPU MTRRs all blank - virtualized system.
[    0.000000] x86/PAT: Configuration [0-7]: WB  WT  UC- UC  WB  WT  UC- UC  
[    0.000000] found SMP MP-table at [mem 0x0009fff0-0x0009ffff] mapped at [ffff88000009fff0]
[    0.000000] Scanning 1 areas for low memory corruption
[    0.000000] RAMDISK: [mem 0x362fa000-0x37174fff]
[    0.000000] ACPI: Early table checksum verification disabled
[    0.000000] ACPI: RSDP 0x00000000000E0000 000024 (v02 VBOX  )
[    0.000000] ACPI: XSDT 0x000000003FFF0030 00003C (v01 VBOX   VBOXXSDT 00000001 ASL  00000061)
[    0.000000] ACPI: FACP 0x000000003FFF00F0 0000F4 (v04 VBOX   VBOXFACP 00000001 ASL  00000061)
[    0.000000] ACPI: DSDT 0x000000003FFF0470 0022EA (v02 VBOX   VBOXBIOS 00000002 INTL 20100528)
[    0.000000] ACPI: FACS 0x000000003FFF0200 000040
[    0.000000] ACPI: FACS 0x000000003FFF0200 000040
[    0.000000] ACPI: APIC 0x000000003FFF0240 00005C (v02 VBOX   VBOXAPIC 00000001 ASL  00000061)
[    0.000000] ACPI: SSDT 0x000000003FFF02A0 0001CC (v01 VBOX   VBOXCPUT 00000002 INTL 20100528)
[    0.000000] No NUMA configuration found
[    0.000000] Faking a node at [mem 0x0000000000000000-0x000000003ffeffff]
[    0.000000] NODE_DATA(0) allocated [mem 0x3ffeb000-0x3ffeffff]
[    0.000000] kvm-clock: Using msrs 4b564d01 and 4b564d00
[    0.000000] kvm-clock: cpu 0, msr 0:3ffe3001, primary cpu clock
[    0.000000] kvm-clock: using sched offset of 4008898532 cycles
[    0.000000] clocksource: kvm-clock: mask: 0xffffffffffffffff max_cycles: 0x1cd42e4dffb, max_idle_ns: 881590591483 ns
[    0.000000] Zone ranges:
[    0.000000]   DMA      [mem 0x0000000000001000-0x0000000000ffffff]
[    0.000000]   DMA32    [mem 0x0000000001000000-0x000000003ffeffff]
[    0.000000]   Normal   empty
[    0.000000]   Device   empty
[    0.000000] Movable zone start for each node
[    0.000000] Early memory node ranges
[    0.000000]   node   0: [mem 0x0000000000001000-0x000000000009efff]
[    0.000000]   node   0: [mem 0x0000000000100000-0x000000003ffeffff]
[    0.000000] Initmem setup node 0 [mem 0x0000000000001000-0x000000003ffeffff]
[    0.000000] ACPI: PM-Timer IO Port: 0x4008
[    0.000000] IOAPIC[0]: apic_id 2, version 32, address 0xfec00000, GSI 0-23
[    0.000000] ACPI: INT_SRC_OVR (bus 0 bus_irq 0 global_irq 2 dfl dfl)
[    0.000000] ACPI: INT_SRC_OVR (bus 0 bus_irq 9 global_irq 9 low level)
[    0.000000] Using ACPI (MADT) for SMP configuration information
[    0.000000] smpboot: Allowing 2 CPUs, 0 hotplug CPUs
[    0.000000] PM: Registered nosave memory: [mem 0x00000000-0x00000fff]
[    0.000000] PM: Registered nosave memory: [mem 0x0009f000-0x0009ffff]
[    0.000000] PM: Registered nosave memory: [mem 0x000a0000-0x000effff]
[    0.000000] PM: Registered nosave memory: [mem 0x000f0000-0x000fffff]
[    0.000000] e820: [mem 0x40000000-0xfebfffff] available for PCI devices
[    0.000000] Booting paravirtualized kernel on KVM
[    0.000000] clocksource: refined-jiffies: mask: 0xffffffff max_cycles: 0xffffffff, max_idle_ns: 7645519600211568 ns
[    0.000000] setup_percpu: NR_CPUS:512 nr_cpumask_bits:512 nr_cpu_ids:2 nr_node_ids:1
[    0.000000] PERCPU: Embedded 34 pages/cpu @ffff88003fc00000 s99544 r8192 d31528 u1048576
[    0.000000] Built 1 zonelists in Node order, mobility grouping on.  Total pages: 257912
[    0.000000] Policy zone: DMA32
[    0.000000] Kernel command line: BOOT_IMAGE=/boot/vmlinuz-4.4.0-165-generic root=LABEL=cloudimg-rootfs ro console=tty1 console=ttyS0
[    0.000000] PID hash table entries: 4096 (order: 3, 32768 bytes)
[    0.000000] Memory: 997732K/1048120K available (8621K kernel code, 1335K rwdata, 4032K rodata, 1484K init, 1284K bss, 50388K reserved, 0K cma-reserved)
[    0.000000] SLUB: HWalign=64, Order=0-3, MinObjects=0, CPUs=2, Nodes=1
[    0.000000] Kernel/User page tables isolation: enabled
[    0.000000] Hierarchical RCU implementation.
[    0.000000] 	Build-time adjustment of leaf fanout to 64.
[    0.000000] 	RCU restricting CPUs from NR_CPUS=512 to nr_cpu_ids=2.
[    0.000000] RCU: Adjusting geometry for rcu_fanout_leaf=64, nr_cpu_ids=2
[    0.000000] NR_IRQS:33024 nr_irqs:440 16
[    0.000000] Console: colour VGA+ 80x25
[    0.000000] console [tty1] enabled
[    0.000000] console [ttyS0] enabled
[    0.000000] tsc: Detected 2712.000 MHz processor
[    0.437066] Calibrating delay loop (skipped) preset value.. 5424.00 BogoMIPS (lpj=10848000)
[    0.439688] pid_max: default: 32768 minimum: 301
[    0.441780] ACPI: Core revision 20150930
[    0.448153] ACPI: 2 ACPI AML tables successfully acquired and loaded
[    0.450151] Security Framework initialized
[    0.451519] Yama: becoming mindful.
[    0.452709] AppArmor: AppArmor initialized
[    0.453897] Dentry cache hash table entries: 131072 (order: 8, 1048576 bytes)
[    0.460534] Inode-cache hash table entries: 65536 (order: 7, 524288 bytes)
[    0.466822] Mount-cache hash table entries: 2048 (order: 2, 16384 bytes)
[    0.468676] Mountpoint-cache hash table entries: 2048 (order: 2, 16384 bytes)
[    0.470549] Initializing cgroup subsys io
[    0.471618] Initializing cgroup subsys memory
[    0.472843] Initializing cgroup subsys devices
[    0.474217] Initializing cgroup subsys freezer
[    0.477962] Initializing cgroup subsys net_cls
[    0.480809] Initializing cgroup subsys perf_event
[    0.482064] Initializing cgroup subsys net_prio
[    0.483441] Initializing cgroup subsys hugetlb
[    0.484601] Initializing cgroup subsys pids
[    0.487000] mce: CPU supports 0 MCE banks
[    0.488337] Last level iTLB entries: 4KB 64, 2MB 8, 4MB 8
[    0.489779] Last level dTLB entries: 4KB 64, 2MB 0, 4MB 0, 1GB 4
[    0.493783] Spectre V1 : Mitigation: usercopy/swapgs barriers and __user pointer sanitization
[    0.498401] Spectre V2 : Mitigation: Full generic retpoline
[    0.500143] Spectre V2 : Spectre v2 / SpectreRSB mitigation: Filling RSB on context switch
[    0.502382] Speculative Store Bypass: Vulnerable
[    0.503662] MDS: Vulnerable: Clear CPU buffers attempted, no microcode
[    0.510395] Freeing SMP alternatives memory: 36K
[    0.521195] ftrace: allocating 32318 entries in 127 pages
[    0.604719] smpboot: APIC(0) Converting physical 0 to logical package 0
[    0.606564] smpboot: Max logical packages: 1
[    0.608424] x2apic enabled
[    0.609869] Switched APIC routing to physical x2apic.
[    0.613164] ..TIMER: vector=0x30 apic1=0 pin1=2 apic2=-1 pin2=-1
[    0.720098] smpboot: CPU0: Intel(R) Core(TM) i5-7200U CPU @ 2.50GHz (family: 0x6, model: 0x8e, stepping: 0x9)
[    0.724107] Performance Events: unsupported p6 CPU model 142 no PMU driver, software events only.
[    0.742408] KVM setup paravirtual spinlock
[    0.745039] x86: Booting SMP configuration:
[    0.746737] .... node  #0, CPUs:      #1
[    0.748428] kvm-clock: cpu 1, msr 0:3ffe3041, secondary cpu clock
[    0.750818] mce: CPU supports 0 MCE banks
[    0.753769] x86: Booted up 1 node, 2 CPUs
[    0.756102] smpboot: Total of 2 processors activated (10848.00 BogoMIPS)
[    0.758715] devtmpfs: initialized
[    0.762025] evm: security.selinux
[    0.763294] evm: security.SMACK64
[    0.764523] evm: security.SMACK64EXEC
[    0.765948] evm: security.SMACK64TRANSMUTE
[    0.767672] evm: security.SMACK64MMAP
[    0.769052] evm: security.ima
[    0.770246] evm: security.capability
[    0.772246] clocksource: jiffies: mask: 0xffffffff max_cycles: 0xffffffff, max_idle_ns: 7645041785100000 ns
[    0.775992] futex hash table entries: 512 (order: 3, 32768 bytes)
[    0.778342] pinctrl core: initialized pinctrl subsystem
[    0.780343] RTC time: 14:17:40, date: 10/09/19
[    0.782745] NET: Registered protocol family 16
[    0.797990] cpuidle: using governor ladder
[    0.809701] cpuidle: using governor menu
[    0.811182] PCCT header not found.
[    0.812491] ACPI: bus type PCI registered
[    0.814111] acpiphp: ACPI Hot Plug PCI Controller Driver version: 0.5
[    0.816479] PCI: Using configuration type 1 for base access
[    0.831171] ACPI: Added _OSI(Module Device)
[    0.833099] ACPI: Added _OSI(Processor Device)
[    0.834766] ACPI: Added _OSI(3.0 _SCP Extensions)
[    0.836439] ACPI: Added _OSI(Processor Aggregator Device)
[    0.839521] ACPI: Executed 1 blocks of module-level executable AML code
[    0.844480] ACPI: Interpreter enabled
[    0.846063] ACPI: (supports S0 S5)
[    0.847631] ACPI: Using IOAPIC for interrupt routing
[    0.849417] PCI: Using host bridge windows from ACPI; if necessary, use "pci=nocrs" and report a bug
[    0.859114] ACPI: PCI Root Bridge [PCI0] (domain 0000 [bus 00-ff])
[    0.861057] acpi PNP0A03:00: _OSC: OS supports [ASPM ClockPM Segments MSI]
[    0.864064] acpi PNP0A03:00: _OSC: not requesting OS control; OS requires [ExtendedConfig ASPM ClockPM MSI]
[    0.867628] acpi PNP0A03:00: fail to add MMCONFIG information, can't access extended PCI configuration space under this bridge.
[    0.871896] PCI host bridge to bus 0000:00
[    0.873427] pci_bus 0000:00: root bus resource [io  0x0000-0x0cf7 window]
[    0.876176] pci_bus 0000:00: root bus resource [io  0x0d00-0xffff window]
[    0.879844] pci_bus 0000:00: root bus resource [mem 0x000a0000-0x000bffff window]
[    0.883220] pci_bus 0000:00: root bus resource [mem 0x40000000-0xfdffffff window]
[    0.886468] pci_bus 0000:00: root bus resource [bus 00-ff]
[    0.892568] pci 0000:00:01.1: legacy IDE quirk: reg 0x10: [io  0x01f0-0x01f7]
[    0.896184] pci 0000:00:01.1: legacy IDE quirk: reg 0x14: [io  0x03f6]
[    0.898759] pci 0000:00:01.1: legacy IDE quirk: reg 0x18: [io  0x0170-0x0177]
[    0.901444] pci 0000:00:01.1: legacy IDE quirk: reg 0x1c: [io  0x0376]
[    0.954663] pci 0000:00:07.0: quirk: [io  0x4000-0x403f] claimed by PIIX4 ACPI
[    0.957680] pci 0000:00:07.0: quirk: [io  0x4100-0x410f] claimed by PIIX4 SMB
[    0.979913] ACPI: PCI Interrupt Link [LNKA] (IRQs 5 9 10 *11)
[    0.982919] ACPI: PCI Interrupt Link [LNKB] (IRQs 5 9 *10 11)
[    0.985589] ACPI: PCI Interrupt Link [LNKC] (IRQs 5 *9 10 11)
[    0.988265] ACPI: PCI Interrupt Link [LNKD] (IRQs 5 9 10 *11)
[    0.991213] ACPI: Enabled 2 GPEs in block 00 to 07
[    0.993637] vgaarb: setting as boot device: PCI:0000:00:02.0
[    0.995849] vgaarb: device added: PCI:0000:00:02.0,decodes=io+mem,owns=io+mem,locks=none
[    0.999275] vgaarb: loaded
[    1.000960] vgaarb: bridge control possible 0000:00:02.0
[    1.003605] SCSI subsystem initialized
[    1.005268] ACPI: bus type USB registered
[    1.007337] usbcore: registered new interface driver usbfs
[    1.009776] usbcore: registered new interface driver hub
[    1.011829] usbcore: registered new device driver usb
[    1.014103] PCI: Using ACPI for IRQ routing
[    1.016026] NetLabel: Initializing
[    1.017480] NetLabel:  domain hash size = 128
[    1.019039] NetLabel:  protocols = UNLABELED CIPSOv4
[    1.024169] NetLabel:  unlabeled traffic allowed by default
[    1.026298] amd_nb: Cannot enumerate AMD northbridges
[    1.028073] clocksource: Switched to clocksource kvm-clock
[    1.046324] AppArmor: AppArmor Filesystem Enabled
[    1.048106] pnp: PnP ACPI init
[    1.051414] pnp: PnP ACPI: found 3 devices
[    1.066307] clocksource: acpi_pm: mask: 0xffffff max_cycles: 0xffffff, max_idle_ns: 2085701024 ns
[    1.070735] NET: Registered protocol family 2
[    1.072513] TCP established hash table entries: 8192 (order: 4, 65536 bytes)
[    1.075015] TCP bind hash table entries: 8192 (order: 5, 131072 bytes)
[    1.077337] TCP: Hash tables configured (established 8192 bind 8192)
[    1.079325] UDP hash table entries: 512 (order: 2, 16384 bytes)
[    1.081222] UDP-Lite hash table entries: 512 (order: 2, 16384 bytes)
[    1.083272] NET: Registered protocol family 1
[    1.084797] pci 0000:00:00.0: Limiting direct PCI/PCI transfers
[    1.086714] pci 0000:00:01.0: Activating ISA DMA hang workarounds
[    1.088825] Unpacking initramfs...
[    1.365594] Freeing initrd memory: 14828K
[    1.366923] clocksource: tsc: mask: 0xffffffffffffffff max_cycles: 0x2717868ea45, max_idle_ns: 440795316085 ns
[    1.369772] platform rtc_cmos: registered platform RTC device (no PNP device found)
[    1.372031] Scanning for low memory corruption every 60 seconds
[    1.374144] audit: initializing netlink subsys (disabled)
[    1.375863] audit: type=2000 audit(1570630666.250:1): initialized
[    1.378650] Initialise system trusted keyring
[    1.380538] HugeTLB registered 2 MB page size, pre-allocated 0 pages
[    1.384544] zbud: loaded
[    1.386215] VFS: Disk quotas dquot_6.6.0
[    1.387962] VFS: Dquot-cache hash table entries: 512 (order 0, 4096 bytes)
[    1.391194] squashfs: version 4.0 (2009/01/31) Phillip Lougher
[    1.393874] fuse init (API version 7.23)
[    1.395757] Key type big_key registered
[    1.397457] Allocating IMA MOK and blacklist keyrings.
[    1.402084] Key type asymmetric registered
[    1.403340] Asymmetric key parser 'x509' registered
[    1.404782] Block layer SCSI generic (bsg) driver version 0.4 loaded (major 249)
[    1.407067] io scheduler noop registered
[    1.408285] io scheduler deadline registered (default)
[    1.409732] io scheduler cfq registered
[    1.411023] pci_hotplug: PCI Hot Plug PCI Core version: 0.5
[    1.412545] pciehp: PCI Express Hot Plug Controller Driver version: 0.4
[    1.414433] ACPI: AC Adapter [AC] (on-line)
[    1.415698] input: Power Button as /devices/LNXSYSTM:00/LNXPWRBN:00/input/input0
[    1.417942] ACPI: Power Button [PWRF]
[    1.419157] input: Sleep Button as /devices/LNXSYSTM:00/LNXSLPBN:00/input/input1
[    1.421389] ACPI: Sleep Button [SLPF]
[    1.423550] ACPI: Battery Slot [BAT0] (battery present)
[    1.425202] GHES: HEST is not enabled!
[    1.426387] Serial: 8250/16550 driver, 32 ports, IRQ sharing enabled
[    1.448771] 00:02: ttyS0 at I/O 0x3f8 (irq = 4, base_baud = 115200) is a 16550A
[    1.452320] Linux agpgart interface v0.103
[    1.456076] loop: module loaded
[    1.457999] scsi host0: ata_piix
[    1.459437] scsi host1: ata_piix
[    1.460494] ata1: PATA max UDMA/33 cmd 0x1f0 ctl 0x3f6 bmdma 0xd000 irq 14
[    1.462396] ata2: PATA max UDMA/33 cmd 0x170 ctl 0x376 bmdma 0xd008 irq 15
[    1.464348] libphy: Fixed MDIO Bus: probed
[    1.465663] tun: Universal TUN/TAP device driver, 1.6
[    1.467023] tun: (C) 1999-2004 Max Krasnyansky <maxk@qualcomm.com>
[    1.468678] PPP generic driver version 2.4.2
[    1.470001] ehci_hcd: USB 2.0 'Enhanced' Host Controller (EHCI) Driver
[    1.471703] ehci-pci: EHCI PCI platform driver
[    1.473096] ehci-platform: EHCI generic platform driver
[    1.474617] ohci_hcd: USB 1.1 'Open' Host Controller (OHCI) Driver
[    1.476250] ohci-pci: OHCI PCI platform driver
[    1.477580] ohci-platform: OHCI generic platform driver
[    1.479009] uhci_hcd: USB Universal Host Controller Interface driver
[    1.480890] i8042: PNP: PS/2 Controller [PNP0303:PS2K,PNP0f03:PS2M] at 0x60,0x64 irq 1,12
[    1.484112] serio: i8042 KBD port at 0x60,0x64 irq 1
[    1.485528] serio: i8042 AUX port at 0x60,0x64 irq 12
[    1.487093] mousedev: PS/2 mouse device common for all mice
[    1.489161] rtc_cmos rtc_cmos: rtc core: registered rtc_cmos as rtc0
[    1.490960] rtc_cmos rtc_cmos: alarms up to one day, 114 bytes nvram
[    1.492663] i2c /dev entries driver
[    1.493920] input: AT Translated Set 2 keyboard as /devices/platform/i8042/serio0/input/input2
[    1.496541] device-mapper: uevent: version 1.0.3
[    1.497979] device-mapper: ioctl: 4.34.0-ioctl (2015-10-28) initialised: dm-devel@redhat.com
[    1.500341] ledtrig-cpu: registered to indicate activity on CPUs
[    1.502940] NET: Registered protocol family 10
[    1.504508] NET: Registered protocol family 17
[    1.505854] Key type dns_resolver registered
[    1.507356] registered taskstats version 1
[    1.508624] Loading compiled-in X.509 certificates
[    1.510608] Loaded X.509 cert 'Build time autogenerated kernel key: 0ed82eac04367aa6426493b1389455ebf6830eaa'
[    1.513343] zswap: loaded using pool lzo/zbud
[    1.517144] Key type trusted registered
[    1.523035] Key type encrypted registered
[    1.524355] AppArmor: AppArmor sha1 policy hashing enabled
[    1.525908] ima: No TPM chip found, activating TPM-bypass!
[    1.527471] ima: Allocated hash algorithm: sha1
[    1.528808] evm: HMAC attrs: 0x1
[    1.530468]   Magic number: 7:903:282
[    1.531718] tty tty19: hash matches
[    1.533067] rtc_cmos rtc_cmos: setting system clock to 2019-10-09 14:17:41 UTC (1570630661)
[    1.535615] BIOS EDD facility v0.16 2004-Jun-25, 0 devices found
[    1.537281] EDD information not available.
[    1.623942] Freeing unused kernel memory: 1484K
[    1.625623] Write protecting the kernel read-only data: 14336k
[    1.628281] Freeing unused kernel memory: 1608K
[    1.630189] Freeing unused kernel memory: 64K
Loading, please wait...
starting version 229
[    1.650856] random: systemd-udevd: uninitialized urandom read (16 bytes read, 3 bits of entropy available)
[    1.652368] random: udevadm: uninitialized urandom read (16 bytes read, 3 bits of entropy available)
[    1.652450] random: udevadm: uninitialized urandom read (16 bytes read, 3 bits of entropy available)
[    1.662671] random: systemd-udevd: uninitialized urandom read (16 bytes read, 3 bits of entropy available)
[    1.663655] random: udevadm: uninitialized urandom read (16 bytes read, 3 bits of entropy available)
[    1.663709] random: udevadm: uninitialized urandom read (16 bytes read, 3 bits of entropy available)
[    1.663906] random: udevadm: uninitialized urandom read (16 bytes read, 3 bits of entropy available)
[    1.663974] random: udevadm: uninitialized urandom read (16 bytes read, 3 bits of entropy available)
[    1.664042] random: udevadm: uninitialized urandom read (16 bytes read, 3 bits of entropy available)
[    1.664190] random: udevadm: uninitialized urandom read (16 bytes read, 3 bits of entropy available)
[    1.724115] e1000: Intel(R) PRO/1000 Network Driver - version 7.3.21-k8-NAPI
[    1.727317] e1000: Copyright (c) 1999-2006 Intel Corporation.
[    1.733766] Fusion MPT base driver 3.04.20
[    1.735609] Copyright (c) 1999-2008 LSI Corporation
[    1.774490] AVX2 version of gcm_enc/dec engaged.
[    1.776313] AES CTR mode by8 optimization enabled
[    1.794956] Fusion MPT SPI Host driver 3.04.20
[    1.949958] input: ImExPS/2 Generic Explorer Mouse as /devices/platform/i8042/serio1/input/input4
[    2.215455] e1000 0000:00:03.0 eth0: (PCI:33MHz:32-bit) 02:0e:9b:2d:5b:92
[    2.217298] e1000 0000:00:03.0 eth0: Intel(R) PRO/1000 Network Connection
[    2.638782] e1000 0000:00:08.0 eth1: (PCI:33MHz:32-bit) 08:00:27:69:0e:19
[    2.640523] e1000 0000:00:08.0 eth1: Intel(R) PRO/1000 Network Connection
[    2.643322] e1000 0000:00:08.0 enp0s8: renamed from eth1
[    2.646473] mptbase: ioc0: Initiating bringup
[    2.664226] e1000 0000:00:03.0 enp0s3: renamed from eth0
[    2.717030] ioc0: LSI53C1030 A0: Capabilities={Initiator}
[    2.878484] scsi host2: ioc0: LSI53C1030 A0, FwRev=00000000h, Ports=1, MaxQ=256, IRQ=20
[    2.996840] scsi 2:0:0:0: Direct-Access     VBOX     HARDDISK         1.0  PQ: 0 ANSI: 5
[    2.999183] scsi target2:0:0: Beginning Domain Validation
[    3.003357] scsi target2:0:0: Domain Validation skipping write tests
[    3.004916] scsi target2:0:0: Ending Domain Validation
[    3.006478] scsi target2:0:0: asynchronous
[    3.008637] scsi 2:0:1:0: Direct-Access     VBOX     HARDDISK         1.0  PQ: 0 ANSI: 5
[    3.025428] scsi target2:0:1: Beginning Domain Validation
[    3.029595] scsi target2:0:1: Domain Validation skipping write tests
[    3.031306] scsi target2:0:1: Ending Domain Validation
[    3.032919] scsi target2:0:1: asynchronous
[    3.042112] sd 2:0:0:0: Attached scsi generic sg0 type 0
[    3.043564] sd 2:0:0:0: [sda] 20971520 512-byte logical blocks: (10.7 GB/10.0 GiB)
[    3.046092] sd 2:0:1:0: Attached scsi generic sg1 type 0
[    3.047419] sd 2:0:1:0: [sdb] 20480 512-byte logical blocks: (10.5 MB/10.0 MiB)
[    3.049812] sd 2:0:1:0: [sdb] Write Protect is off
[    3.049822] sd 2:0:0:0: [sda] Write Protect is off
[    3.052389] sd 2:0:0:0: [sda] Incomplete mode parameter data
[    3.052601] sd 2:0:1:0: [sdb] Incomplete mode parameter data
[    3.052603] sd 2:0:1:0: [sdb] Assuming drive cache: write through
[    3.057440] sd 2:0:1:0: [sdb] Attached SCSI disk
[    3.058927] sd 2:0:0:0: [sda] Assuming drive cache: write through
[    3.063537]  sda: sda1
[    3.065918] sd 2:0:0:0: [sda] Attached SCSI disk
Begin: Loading essential drivers ... [    4.868387] md: linear personality registered for level -1
[    4.874873] md: multipath personality registered for level -4
[    4.880415] md: raid0 personality registered for level 0
[    4.887143] md: raid1 personality registered for level 1
[    4.964590] raid6: sse2x1   gen()  5868 MB/s
[    5.032836] raid6: sse2x1   xor()  6509 MB/s
[    5.100235] raid6: sse2x2   gen() 10957 MB/s
[    5.168515] raid6: sse2x2   xor()  7546 MB/s
[    5.236314] raid6: sse2x4   gen() 12009 MB/s
[    5.304220] raid6: sse2x4   xor()  8498 MB/s
[    5.372514] raid6: avx2x1   gen() 20654 MB/s
[    5.440833] raid6: avx2x2   gen() 22884 MB/s
[    5.508177] raid6: avx2x4   gen() 24922 MB/s
[    5.509466] raid6: using algorithm avx2x4 gen() 24922 MB/s
[    5.511022] raid6: using avx2x2 recovery algorithm
[    5.513926] xor: automatically using best checksumming function:
[    5.552556]    avx       : 23527.000 MB/sec
[    5.555292] async_tx: api initialized (async)
[    5.567287] md: raid6 personality registered for level 6
[    5.569361] md: raid5 personality registered for level 5
[    5.571001] md: raid4 personality registered for level 4
[    5.579203] md: raid10 personality registered for level 10
done.
Begin: Running /scripts/init-premount ... done.
Begin: Mounting root file system ... Begin: Running /scripts/local-top ... done.
Begin: Running /scripts/local-premount ... [    5.628933] Btrfs loaded
Scanning for Btrfs filesystems
done.
Warning: fsck not present, so skipping root file system
[    5.666708] EXT4-fs (sda1): mounted filesystem with ordered data mode. Opts: (null)
done.
Begin: Running /scripts/local-bottom ... done.
Begin: Running /scripts/init-bottom ... done.
[    5.787130] systemd[1]: systemd 229 running in system mode. (+PAM +AUDIT +SELINUX +IMA +APPARMOR +SMACK +SYSVINIT +UTMP +LIBCRYPTSETUP +GCRYPT +GNUTLS +ACL +XZ -LZ4 +SECCOMP +BLKID +ELFUTILS +KMOD -IDN)
[    5.792154] systemd[1]: Detected virtualization oracle.
[    5.793576] systemd[1]: Detected architecture x86-64.

Welcome to [1mUbuntu 16.04.6 LTS[0m!

[    5.798268] systemd[1]: Set hostname to <ubuntu-xenial>.
[    5.951866] systemd[1]: Listening on Journal Socket.
[[0;32m  OK  [0m] Listening on Journal Socket.
[    5.954184] systemd[1]: Reached target Encrypted Volumes.
[[0;32m  OK  [0m] Reached target Encrypted Volumes.
[    5.964976] systemd[1]: Listening on udev Kernel Socket.
[[0;32m  OK  [0m] Listening on udev Kernel Socket.
[    5.968044] systemd[1]: Listening on /dev/initctl Compatibility Named Pipe.
[[0;32m  OK  [0m] Listening on /dev/initctl Compatibility Named Pipe.
[    5.971241] systemd[1]: Started Forward Password Requests to Wall Directory Watch.
[[0;32m  OK  [0m] Started Forward Password Requests to Wall Directory Watch.
[    5.974823] systemd[1]: Listening on LVM2 metadata daemon socket.
[[0;32m  OK  [0m] Listening on LVM2 metadata daemon socket.
[    5.977886] systemd[1]: Listening on Journal Socket (/dev/log).
[[0;32m  OK  [0m] Listening on Journal Socket (/dev/log).
[    5.980990] systemd[1]: Listening on LVM2 poll daemon socket.
[[0;32m  OK  [0m] Listening on LVM2 poll daemon socket.
[    5.983988] systemd[1]: Created slice System Slice.
[[0;32m  OK  [0m] Created slice System Slice.
[    5.997061] systemd[1]: Starting Uncomplicated firewall...
         Starting Uncomplicated firewall...
[    6.001026] systemd[1]: Starting Nameserver information manager...
         Starting Nameserver information manager...
[    6.004226] systemd[1]: Created slice system-serial\x2dgetty.slice.
[[0;32m  OK  [0m] Created slice system-serial\x2dgetty.slice.
[    6.008291] systemd[1]: Starting Remount Root and Kernel File Systems...
         Starting Remount Root and Kernel File Systems...
[    6.012707] systemd[1]: Starting Set console keymap...
         Starting Set console keymap...
[    6.016153] systemd[1]: Mounting Debug File System...
         Mounting Debug File System...
[    6.019989] systemd[1]: Mounting POSIX Message Queue File System...
         Mounting POSIX Message Queue File System...
[    6.023457] systemd[1]: Reached target Swap.
[[0;32m  OK  [0m] Reached target Swap.
[    6.030376] EXT4-fs (sda1): re-mounted. Opts: (null)
[    6.036883] systemd[1]: Listening on udev Control Socket.
[[0;32m  OK  [0m] Listening on udev Control Socket.
[    6.039431] systemd[1]: Listening on Journal Audit Socket.
[[0;32m  OK  [0m] Listening on Journal Audit Socket.
[    6.042265] systemd[1]: Set up automount Arbitrary Executable File Formats File System Automount Point.
[[0;32m  OK  [0m] Set up automount Arbitrary Executab...ats File System Automount Point.
[    6.053551] systemd[1]: Created slice User and Session Slice.
[[0;32m  OK  [0m] Created slice User and Session Slice.
[    6.056875] systemd[1]: Reached target Slices.
[[0;32m  OK  [0m] Reached target Slices.
[    6.059132] systemd[1]: Reached target System Time Synchronized.
[[0;32m  OK  [0m] Reached target System Time Synchronized.
[    6.080925] systemd[1]: Mounting Huge Pages File System...
         Mounting Huge Pages File System...
[    6.084328] systemd[1]: Listening on Device-mapper event daemon FIFOs.
[[0;32m  OK  [0m] Listening on Device-mapper event daemon FIFOs.
[    6.091996] systemd[1]: Starting Monitoring of LVM2 mirrors, snapshots etc. using dmeventd or progress polling...
         Starting Monitoring of LVM2 mirrors... dmeventd or progress polling...
[    6.106399] systemd[1]: Starting Load Kernel Modules...
         Starting Load Kernel Modules...
[    6.110822] systemd[1]: Reached target User and Group Name Lookups.
[[0;32m  OK  [0m] Reached target User and Group Name Lookups.
[    6.114589] systemd[1]: Started Trigger resolvconf update for networkd DNS.
[[0;32m  OK  [0m] Started Trigger resolvconf update for networkd DNS.
[    6.119661] systemd[1]: Starting Create list of required static device nodes for the current kernel...
         Starting Create list of required st... nodes for the current kernel...
[    6.127217] systemd[1]: Listening on Syslog Socket.
[[0;32m  OK  [0m] Listening on Syslog Socket.
[    6.135219] systemd[1]: Starting Journal Service...
         Starting Journal Service...
[    6.140333] systemd[1]: Mounted POSIX Message Queue File System.
[    6.142668] Loading iSCSI transport class v2.0-870.
[[0;32m  OK  [0m] Mounted POSIX Message Queue File System.
[    6.145536] systemd[1]: Mounted Debug File System.
[[0;32m  OK  [0m] Mounted Debug File System.
[    6.148928] systemd[1]: Mounted Huge Pages File System.
[[0;32m  OK  [0m] Mounted Huge Pages File System.
[    6.153146] systemd[1]: Started Uncomplicated firewall.
[[0;32m  OK  [0m] Started Uncomplicated firewall.
[    6.163980] iscsi: registered transport (tcp)
[    6.169141] systemd[1]: Started Remount Root and Kernel File Systems.
[[0;32m  OK  [0m] Started Remount Root and Kernel File Systems.
[    6.174271] systemd[1]: Started Set console keymap.
[[0;32m  OK  [0m] Started Set console keymap.
[    6.179151] systemd[1]: Started Create list of required static device nodes for the current kernel.
[[0;32m  OK  [0m] Started Create list of required sta...ce nodes for the current kernel.
[    6.192909] systemd[1]: Started Nameserver information manager.
[[0;32m  OK  [0m] Started Nameserver information manager.
[    6.209460] systemd[1]: Started Journal Service.
[[0;32m  OK  [0m] Started Journal Service.
[    6.239048] iscsi: registered transport (iser)
[[0;32m  OK  [0m] Started Load Kernel Modules.
         Starting Apply Kernel Variables...
         Mounting FUSE Control File System...
[[0;32m  OK  [0m] Started LVM2 metadata daemon.
         Starting Create Static Device Nodes in /dev...
         Starting Flush Journal to Persistent Storage...
         Starting Load/Save Random Seed...
         Starting udev Coldplug all Devices...
[[0;32m  OK  [0m] Mounted FUSE Control File System.
[[0;32m  OK  [0m] Started Apply Kernel Variables.
[[0;32m  OK  [0m] Started Load/Save Random Seed.
[[0;32m  OK  [0m] Started Create Static Device Nodes in /dev.
[[0;32m  OK  [0m] Started Flush Journal to Persistent Storage.
[[0;32m  OK  [0m] Started udev Coldplug all Devices.
         Starting udev Kernel Device Manager...
[[0;32m  OK  [0m] Started udev Kernel Device Manager.
[[0;32m  OK  [0m] Started Dispatch Password Requests to Console Directory Watch.
[[0;32m  OK  [0m] Started Monitoring of LVM2 mirrors,...ng dmeventd or progress polling.
[[0;32m  OK  [0m] Reached target Local File Systems (Pre).
[[0;32m  OK  [0m] Reached target Local File Systems.
         Starting LSB: AppArmor initialization...
         Starting Set console font and keymap...
         Starting Create Volatile Files and Directories...
         Starting Initial cloud-init job (pre-networking)...
         Starting Tell Plymouth To Write Out Runtime Data...
[[0;32m  OK  [0m] Found device /dev/ttyS0.
[[0;32m  OK  [0m] Started Tell Plymouth To Write Out Runtime Data.
[[0;32m  OK  [0m] Started Create Volatile Files and Directories.
         Starting Update UTMP about System Boot/Shutdown...
[[0;32m  OK  [0m] Started Update UTMP about System Boot/Shutdown.
[[0;32m  OK  [0m] Listening on Load/Save RF Kill Switch Status /dev/rfkill Watch.
[[0;32m  OK  [0m] Started LSB: AppArmor initialization.
[[0;32m  OK  [0m] Found device 82540EM Gigabit Ethern...r (PRO/1000 MT Desktop Adapter).
[    7.522998] cloud-init[503]: Cloud-init v. 19.2-36-g059d049c-0ubuntu1~16.04.1 running 'init-local' at Wed, 09 Oct 2019 14:17:47 +0000. Up 7.08 seconds.
[[0;32m  OK  [0m] Started Initial cloud-init job (pre-networking).
[[0;32m  OK  [0m] Reached target Network (Pre).
         Starting Raise network interfaces...
[[0;32m  OK  [0m] Started ifup for enp0s3.
[[0;32m  OK  [0m] Started Set console font and keymap.
[[0;32m  OK  [0m] Created slice system-getty.slice.
[[0;32m  OK  [0m] Started Raise network interfaces.
[[0;32m  OK  [0m] Reached target Network.
         Starting Initial cloud-init job (metadata service crawler)...
[    8.873635] cloud-init[995]: Cloud-init v. 19.2-36-g059d049c-0ubuntu1~16.04.1 running 'init' at Wed, 09 Oct 2019 14:17:49 +0000. Up 8.43 seconds.
[    8.881101] cloud-init[995]: ci-info: ++++++++++++++++++++++++++++++++++++++Net device info++++++++++++++++++++++++++++++++++++++
[    8.883323] cloud-init[995]: ci-info: +--------+-------+---------------------------+---------------+--------+-------------------+
[    8.885859] cloud-init[995]: ci-info: | Device |   Up  |          Address          |      Mask     | Scope  |     Hw-Address    |
[    8.888080] cloud-init[995]: ci-info: +--------+-------+---------------------------+---------------+--------+-------------------+
[    8.890441] cloud-init[995]: ci-info: | enp0s3 |  True |         10.0.2.15         | 255.255.255.0 | global | 02:0e:9b:2d:5b:92 |
[    8.892849] cloud-init[995]: ci-info: | enp0s3 |  True | fe80::e:9bff:fe2d:5b92/64 |       .       |  link  | 02:0e:9b:2d:5b:92 |
[    8.900515] cloud-init[995]: ci-info: | enp0s8 | False |             .             |       .       |   .    | 08:00:27:69:0e:19 |
[    8.902530] cloud-init[995]: ci-info: |   lo   |  True |         127.0.0.1         |   255.0.0.0   |  host  |         .         |
[    8.905093] cloud-init[995]: ci-info: |   lo   |  True |          ::1/128          |       .       |  host  |         .         |
[    8.906727] cloud-init[995]: ci-info: +--------+-------+---------------------------+---------------+--------+-------------------+
[    8.908652] cloud-init[995]: ci-info: +++++++++++++++++++++++++++Route IPv4 info++++++++++++++++++++++++++++
[    8.910684] cloud-init[995]: ci-info: +-------+-------------+----------+---------------+-----------+-------+
[    8.912250] cloud-init[995]: ci-info: | Route | Destination | Gateway  |    Genmask    | Interface | Flags |
[    8.915230] cloud-init[995]: ci-info: +-------+-------------+----------+---------------+-----------+-------+
[    8.917907] cloud-init[995]: ci-info: |   0   |   0.0.0.0   | 10.0.2.2 |    0.0.0.0    |   enp0s3  |   UG  |
[    8.928895] cloud-init[995]: ci-info: |   1   |   10.0.2.0  | 0.0.0.0  | 255.255.255.0 |   enp0s3  |   U   |
[    8.931468] cloud-init[995]: ci-info: +-------+-------------+----------+---------------+-----------+-------+
[    8.933959] cloud-init[995]: ci-info: +++++++++++++++++++Route IPv6 info+++++++++++++++++++
[    8.936703] cloud-init[995]: ci-info: +-------+-------------+---------+-----------+-------+
[    8.939347] cloud-init[995]: ci-info: | Route | Destination | Gateway | Interface | Flags |
[    8.942098] cloud-init[995]: ci-info: +-------+-------------+---------+-----------+-------+
[    8.946276] cloud-init[995]: ci-info: |   0   |  fe80::/64  |    ::   |   enp0s3  |   U   |
[    8.948096] cloud-init[995]: ci-info: |   3   |   ff00::/8  |    ::   |   enp0s3  |   U   |
[    8.949994] cloud-init[995]: ci-info: +-------+-------------+---------+-----------+-------+
[[0;32m  OK  [0m] Started Initial cloud-init job (metadata service crawler).
[[0;32m  OK  [0m] Reached target Network is Online.
         Starting iSCSI initiator daemon (iscsid)...
[[0;32m  OK  [0m] Reached target Cloud-config availability.
[[0;32m  OK  [0m] Reached target System Initialization.
[[0;32m  OK  [0m] Listening on UUID daemon activation socket.
         Starting Socket activation for snappy daemon.
[[0;32m  OK  [0m] Started Daily apt download activities.
[[0;32m  OK  [0m] Started ACPI Events Check.
[[0;32m  OK  [0m] Reached target Paths.
[[0;32m  OK  [0m] Listening on ACPID Listen Socket.
         Starting LXD - unix socket.
[[0;32m  OK  [0m] Started Daily Cleanup of Temporary Directories.
[[0;32m  OK  [0m] Started Daily apt upgrade and clean activities.
[[0;32m  OK  [0m] Reached target Timers.
[[0;32m  OK  [0m] Listening on D-Bus System Message Bus Socket.
[[0;32m  OK  [0m] Listening on Socket activation for snappy daemon.
[[0;32m  OK  [0m] Listening on LXD - unix socket.
[[0;32m  OK  [0m] Started iSCSI initiator daemon (iscsid).
         Starting Login to default iSCSI targets...
[[0;32m  OK  [0m] Reached target Sockets.
[[0;32m  OK  [0m] Reached target Basic System.
         Starting Accounts Service...
         Starting Virtualbox guest utils...
         Starting LSB: Record successful boot for GRUB...
[[0;32m  OK  [0m] Started Regular background program processing daemon.
         Starting Login Service...
[[0;32m  OK  [0m] Started ACPI event daemon.
[[0;32m  OK  [0m] Started D-Bus System Message Bus.
         Starting LXD - container startup/shutdown...
         Starting Snappy daemon...
[[0;32m  OK  [0m] Started FUSE filesystem for LXC.
         Starting System Logging Service...
         Starting A high performance web server and a reverse proxy server...
         Starting /etc/rc.local Compatibility...
         Starting LSB: MD monitoring daemon...
[[0;32m  OK  [0m] Started Deferred execution scheduler.
         Starting OpenBSD Secure Shell server...
[[0;32m  OK  [0m] Started /etc/rc.local Compatibility.
[[0;32m  OK  [0m] Started System Logging Service.
[[0;32m  OK  [0m] Started Login to default iSCSI targets.
[[0;32m  OK  [0m] Started LSB: Record successful boot for GRUB.
[[0;32m  OK  [0m] Started OpenBSD Secure Shell server.
[[0;32m  OK  [0m] Started A high performance web server and a reverse proxy server.
[[0;32m  OK  [0m] Started LSB: MD monitoring daemon.
[[0;32m  OK  [0m] Started Virtualbox guest utils.
[[0;32m  OK  [0m] Started LXD - container startup/shutdown.
[[0;32m  OK  [0m] Started Login Service.
[[0;32m  OK  [0m] Started Unattended Upgrades Shutdown.
         Starting Authenticate and Authorize Users to Run Privileged Tasks...
[[0;32m  OK  [0m] Reached target Remote File Systems (Pre).
[[0;32m  OK  [0m] Reached target Remote File Systems.
         Starting Permit User Sessions...
         Starting LSB: daemon to balance interrupts for SMP systems...
         Starting LSB: automatic crash report generation...
         Starting LSB: Set the CPU Frequency Scaling governor to "ondemand"...
[[0;32m  OK  [0m] Started Permit User Sessions.
[[0;32m  OK  [0m] Started Authenticate and Authorize Users to Run Privileged Tasks.
         Starting Hold until boot process finishes up...
         Starting Terminate Plymouth Boot Screen...
[[0;32m  OK  [0m] Started LSB: daemon to balance interrupts for SMP systems.
[[0;32m  OK  [0m] Started LSB: Set the CPU Frequency Scaling governor to "ondemand".
[[0;32m  OK  [0m] Started Hold until boot process finishes up.
[[0;32m  OK  [0m] Started LSB: automatic crash report generation.
[[0;32m  OK  [0m] Started Terminate Plymouth Boot Screen.
[[0;32m  OK  [0m] Started Snappy daemon.
[[0;32m  OK  [0m] Started Accounts Service.
         Starting Wait until snapd is fully seeded...
[[0;32m  OK  [0m] Started Serial Getty on ttyS0.
         Starting Set console scheme...
[[0;32m  OK  [0m] Started Getty on tty1.
[[0;32m  OK  [0m] Reached target Login Prompts.
[[0;32m  OK  [0m] Started Set console scheme.
[[0;32m  OK  [0m] Started Wait until snapd is fully seeded.
         Starting Apply the settings specified in cloud-config...
[[0;32m  OK  [0m] Reached target Multi-User System.
[[0;32m  OK  [0m] Reached target Graphical Interface.
         Starting Update UTMP about System Runlevel Changes...
[[0;32m  OK  [0m] Started Update UTMP about System Runlevel Changes.
[   10.415094] cloud-init[1260]: Cloud-init v. 19.2-36-g059d049c-0ubuntu1~16.04.1 running 'modules:config' at Wed, 09 Oct 2019 14:17:50 +0000. Up 10.26 seconds.
[[0;32m  OK  [0m] Started Apply the settings specified in cloud-config.
         Starting Execute cloud user/final scripts...
[[0;32m  OK  [0m] Created slice User Slice of vagrant.
         Starting User Manager for UID 1000...
[[0;32m  OK  [0m] Started Session 1 of user vagrant.
[[0;32m  OK  [0m] Started User Manager for UID 1000.
[   11.200302] cloud-init[1273]: Cloud-init v. 19.2-36-g059d049c-0ubuntu1~16.04.1 running 'modules:final' at Wed, 09 Oct 2019 14:17:51 +0000. Up 10.98 seconds.
[   11.202641] cloud-init[1273]: Cloud-init v. 19.2-36-g059d049c-0ubuntu1~16.04.1 finished at Wed, 09 Oct 2019 14:17:51 +0000. Datasource DataSourceNoCloud [seed=/dev/sdb][dsmode=net].  Up 11.18 seconds
[[0;32m  OK  [0m] Started Execute cloud user/final scripts.
[[0;32m  OK  [0m] Reached target Cloud-init target.

Ubuntu 16.04.6 LTS ubuntu-xenial ttyS0

ubuntu-xenial login: 